<?xml version="1.0" encoding="UTF-8"?>
<testng-results skipped="0" failed="0" ignored="0" total="1" passed="1">
  <reporter-output>
  </reporter-output>
  <suite name="Default suite" duration-ms="8730" started-at="2019-09-15T13:28:13Z" finished-at="2019-09-15T13:28:22Z">
    <groups>
    </groups>
    <test name="Default test" duration-ms="8730" started-at="2019-09-15T13:28:13Z" finished-at="2019-09-15T13:28:22Z">
      <class name="com.pages.TestCases_InputForms">
        <test-method status="PASS" signature="init()[pri:0, instance:com.pages.TestCases_InputForms@4501b7af]" name="init" is-config="true" duration-ms="7732" started-at="2019-09-15T13:28:13Z" finished-at="2019-09-15T13:28:21Z">
          <reporter-output>
          </reporter-output>
        </test-method> <!-- init -->
        <test-method status="PASS" signature="singleInputField()[pri:0, instance:com.pages.TestCases_InputForms@4501b7af]" name="singleInputField" duration-ms="969" started-at="2019-09-15T13:28:21Z" finished-at="2019-09-15T13:28:22Z">
          <reporter-output>
          </reporter-output>
        </test-method> <!-- singleInputField -->
      </class> <!-- com.pages.TestCases_InputForms -->
    </test> <!-- Default test -->
  </suite> <!-- Default suite -->
</testng-results>
